Step: build-step-credential-initializer:

{"level":"warn","ts":1555341893.263296,"logger":"fallback-logger","caller":"logging/config.go:65","msg":"Fetch GitHub commit ID from kodata failed: \"ref: refs/heads/test\" is not a valid GitHub commit ID"}
{"level":"info","ts":1555341893.2638593,"logger":"fallback-logger","caller":"creds-init/main.go:40","msg":"Credentials initialized."}
Step: build-step-git-source-0:

{"level":"warn","ts":1555341894.1479163,"logger":"fallback-logger","caller":"logging/config.go:65","msg":"Fetch GitHub commit ID from kodata failed: \"ref: refs/heads/test\" is not a valid GitHub commit ID"}
{"level":"info","ts":1555341894.476607,"logger":"fallback-logger","caller":"git-init/main.go:92","msg":"Successfully cloned \"https://github.com/jlushington/evntxzweb.git\" @ \"f596f7198002794a81ea9c68a88e8e02f88cb421\" in path \"/workspace\""}
Step: build-step-jenkins:

Picked up _JAVA_OPTIONS: -Xmx400m
  15.189 [id=20]	WARNING	c.c.j.p.k.KubernetesCredentialProvider#convertSecret: Failed to convert Secret 'kaniko-secret' of type secretText due to secretText credential is missing the text
Started
Running in Durability level: PERFORMANCE_OPTIMIZED
  20.847 [id=26]	WARNING	i.f.k.c.i.VersionUsageUtils#alert: The client is using resource type 'customresourcedefinitions' with unstable version 'v1beta1'
[Pipeline] Start of Pipeline
[Pipeline] node
Running on Jenkins in /tmp/jenkinsTests.tmp/jenkins4076439351131184682test/workspace/job
[Pipeline] {
[Pipeline] stage
[Pipeline] { (Declarative: Checkout SCM)
[Pipeline] checkout
[Pipeline] }
[Pipeline] // stage
[Pipeline] withCredentials
[Pipeline] {
[Pipeline] withEnv
[Pipeline] {
[Pipeline] stage
[Pipeline] { (CI Build and push snapshot)
Stage "CI Build and push snapshot" skipped due to when conditional
[Pipeline] }
[Pipeline] // stage
[Pipeline] stage
[Pipeline] { (Build Release)
[Pipeline] git
 > git rev-parse --is-inside-work-tree # timeout=10
Fetching changes from the remote Git repository
 > git config remote.origin.url https://github.com/jlushington/evntxzweb.git # timeout=10
Fetching upstream changes from https://github.com/jlushington/evntxzweb.git
 > git --version # timeout=10
 > git fetch --tags --progress https://github.com/jlushington/evntxzweb.git +refs/heads/*:refs/remotes/origin/*
 > git rev-parse refs/remotes/origin/master^{commit} # timeout=10
 > git rev-parse refs/remotes/origin/origin/master^{commit} # timeout=10
Checking out Revision f596f7198002794a81ea9c68a88e8e02f88cb421 (refs/remotes/origin/master)
 > git config core.sparsecheckout # timeout=10
 > git checkout -f f596f7198002794a81ea9c68a88e8e02f88cb421
 > git branch -a -v --no-abbrev # timeout=10
 > git branch -D master # timeout=10
 > git checkout -b master f596f7198002794a81ea9c68a88e8e02f88cb421
Commit message: "all data removed"
First time build. Skipping changelog.
[Pipeline] sh
+ jx-release-version
+ echo 0.0.19
[Pipeline] sh
+ cat VERSION
+ jx step tag --version 0.0.19
Tag v0.0.19 created and pushed to remote origin
[Pipeline] sh
+ npm install
added 7 packages in 2.905s
[Pipeline] sh
+ CI=true DISPLAY=:99 npm test

> evntxz-web@0.1.0 test /tmp/jenkinsTests.tmp/jenkins4076439351131184682test/workspace/job
> react-scripts test --env=jsdom

sh: 1: react-scripts: not found
npm ERR! Test failed.  See above for more details.
[Pipeline] }
[Pipeline] // stage
[Pipeline] stage
[Pipeline] { (Promote to Environments)
Stage "Promote to Environments" skipped due to earlier failure(s)
[Pipeline] }
[Pipeline] // stage
[Pipeline] }
[Pipeline] // withEnv
[Pipeline] }
[Pipeline] // withCredentials
[Pipeline] }
[Pipeline] // node
[Pipeline] End of Pipeline
