Step: build-step-credential-initializer:

{"level":"warn","ts":1557018656.5041146,"logger":"fallback-logger","caller":"logging/config.go:65","msg":"Fetch GitHub commit ID from kodata failed: \"ref: refs/heads/test\" is not a valid GitHub commit ID"}
{"level":"info","ts":1557018656.5082877,"logger":"fallback-logger","caller":"creds-init/main.go:40","msg":"Credentials initialized."}
Step: build-step-git-source-0:

{"level":"warn","ts":1557018656.87482,"logger":"fallback-logger","caller":"logging/config.go:65","msg":"Fetch GitHub commit ID from kodata failed: \"ref: refs/heads/test\" is not a valid GitHub commit ID"}
{"level":"info","ts":1557018657.2037694,"logger":"fallback-logger","caller":"git-init/main.go:92","msg":"Successfully cloned \"https://github.com/jlushington/evntxzweb.git\" @ \"d25739229ecc88ea664a19684045a02189cf74be\" in path \"/workspace\""}
Step: build-step-jenkins:

Picked up _JAVA_OPTIONS: -Xmx400m
  15.158 [id=22]	WARNING	c.c.j.p.k.KubernetesCredentialProvider#convertSecret: Failed to convert Secret 'kaniko-secret' of type secretText due to secretText credential is missing the text
Started
Running in Durability level: PERFORMANCE_OPTIMIZED
  20.643 [id=26]	WARNING	i.f.k.c.i.VersionUsageUtils#alert: The client is using resource type 'customresourcedefinitions' with unstable version 'v1beta1'
[Pipeline] Start of Pipeline
[Pipeline] node
Running on Jenkins in /tmp/jenkinsTests.tmp/jenkins4905347272638121947test/workspace/job
[Pipeline] {
[Pipeline] stage
[Pipeline] { (Declarative: Checkout SCM)
[Pipeline] checkout
[Pipeline] }
[Pipeline] // stage
[Pipeline] withCredentials
[Pipeline] {
[Pipeline] withEnv
[Pipeline] {
[Pipeline] stage
[Pipeline] { (CI Build and push snapshot)
Stage "CI Build and push snapshot" skipped due to when conditional
[Pipeline] }
[Pipeline] // stage
[Pipeline] stage
[Pipeline] { (Build Release)
[Pipeline] git
 > git rev-parse --is-inside-work-tree # timeout=10
Fetching changes from the remote Git repository
 > git config remote.origin.url https://github.com/jlushington/evntxzweb.git # timeout=10
Fetching upstream changes from https://github.com/jlushington/evntxzweb.git
 > git --version # timeout=10
 > git fetch --tags --progress https://github.com/jlushington/evntxzweb.git +refs/heads/*:refs/remotes/origin/*
 > git rev-parse refs/remotes/origin/master^{commit} # timeout=10
 > git rev-parse refs/remotes/origin/origin/master^{commit} # timeout=10
Checking out Revision d25739229ecc88ea664a19684045a02189cf74be (refs/remotes/origin/master)
 > git config core.sparsecheckout # timeout=10
 > git checkout -f d25739229ecc88ea664a19684045a02189cf74be
 > git branch -a -v --no-abbrev # timeout=10
 > git branch -D master # timeout=10
 > git checkout -b master d25739229ecc88ea664a19684045a02189cf74be
Commit message: "remove App.test.js"
First time build. Skipping changelog.
[Pipeline] sh
+ jx-release-version
+ echo 0.0.28
[Pipeline] sh
+ cat VERSION
+ jx step tag --version 0.0.28
Tag v0.0.28 created and pushed to remote origin
[Pipeline] sh
+ npm set progress=false
[Pipeline] sh
+ npm install
npm WARN notice [SECURITY] timespan has the following vulnerability: 1 low. Go here for more details: https://nodesecurity.io/advisories?search=timespan&version=2.3.0 - Run `npm i npm@latest -g` to upgrade your npm version, and then `npm audit` to get more info.
npm WARN notice [SECURITY] js-yaml has the following vulnerability: 1 critical. Go here for more details: https://nodesecurity.io/advisories?search=js-yaml&version=0.3.7 - Run `npm i npm@latest -g` to upgrade your npm version, and then `npm audit` to get more info.
npm WARN notice [SECURITY] uglify-js has the following vulnerabilities: 2 low. Go here for more details: https://nodesecurity.io/advisories?search=uglify-js&version=1.3.5 - Run `npm i npm@latest -g` to upgrade your npm version, and then `npm audit` to get more info.
npm WARN optional SKIPPING OPTIONAL DEPENDENCY: fsevents@1.2.9 (node_modules/jest-haste-map/node_modules/fsevents):
npm WARN notsup SKIPPING OPTIONAL DEPENDENCY: Unsupported platform for fsevents@1.2.9: wanted {"os":"darwin","arch":"any"} (current: {"os":"linux","arch":"x64"})
npm WARN optional SKIPPING OPTIONAL DEPENDENCY: fsevents@1.2.9 (node_modules/chokidar/node_modules/fsevents):
npm WARN notsup SKIPPING OPTIONAL DEPENDENCY: Unsupported platform for fsevents@1.2.9: wanted {"os":"darwin","arch":"any"} (current: {"os":"linux","arch":"x64"})
npm WARN optional SKIPPING OPTIONAL DEPENDENCY: fsevents@2.0.6 (node_modules/fsevents):
npm WARN notsup SKIPPING OPTIONAL DEPENDENCY: Unsupported platform for fsevents@2.0.6: wanted {"os":"darwin","arch":"any"} (current: {"os":"linux","arch":"x64"})

added 1564 packages in 32.228s
[Pipeline] sh
+ CI=true DISPLAY=:99 npm test

> evntxz-web@0.1.0 test /tmp/jenkinsTests.tmp/jenkins4905347272638121947test/workspace/job
> react-scripts test --env=jsdom

No tests found, exiting with code 1
Run with `--passWithNoTests` to exit with code 0
In /tmp/jenkinsTests.tmp/jenkins4905347272638121947test/workspace/job
  32 files checked.
  testMatch: /tmp/jenkinsTests.tmp/jenkins4905347272638121947test/workspace/job/src/**/__tests__/**/*.{js,jsx,ts,tsx}, /tmp/jenkinsTests.tmp/jenkins4905347272638121947test/workspace/job/src/**/*.{spec,test}.{js,jsx,ts,tsx} - 0 matches
  testPathIgnorePatterns: /node_modules/ - 32 matches
  testRegex:  - 0 matches
Pattern:  - 0 matches
npm ERR! Test failed.  See above for more details.
[Pipeline] }
[Pipeline] // stage
[Pipeline] stage
[Pipeline] { (Promote to Environments)
Stage "Promote to Environments" skipped due to earlier failure(s)
[Pipeline] }
[Pipeline] // stage
[Pipeline] }
[Pipeline] // withEnv
[Pipeline] }
[Pipeline] // withCredentials
[Pipeline] }
[Pipeline] // node
[Pipeline] End of Pipeline
